<?xml version="1.0" encoding="utf-8"?><testsuites name="pytest tests"><testsuite name="pytest" errors="0" failures="0" skipped="0" tests="3" time="0.796" timestamp="2026-09-25T08:05:23.085119+00:00" hostname="agent-env-d9b675b9-6cf0-4b1c-9819-ae9f35b511c9"><testcase classname="tests.test_advanced_admin_tools" name="test_cms_management" time="0.469" /><testcase classname="tests.test_advanced_admin_tools" name="test_reports_dashboard" time="0.006" /><testcase classname="tests.test_advanced_admin_tools" name="test_security_tools" time="0.014" /></testsuite></testsuites>