<?xml version="1.0" encoding="utf-8"?><testsuites name="pytest tests"><testsuite name="pytest" errors="0" failures="0" skipped="0" tests="4" time="1.854" timestamp="2026-09-25T07:13:17.089223+00:00" hostname="agent-env-d9b675b9-6cf0-4b1c-9819-ae9f35b511c9"><testcase classname="tests.test_commission_system" name="test_admin_commission_settings_get_and_update" time="1.171" /><testcase classname="tests.test_commission_system" name="test_product_pricing_logic_and_exact_prompt_example" time="0.143" /><testcase classname="tests.test_commission_system" name="test_commission_disabled_pricing_logic" time="0.114" /><testcase classname="tests.test_commission_system" name="test_admin_commission_overview" time="0.117" /></testsuite></testsuites>