<?xml version="1.0" encoding="utf-8"?><testsuites name="pytest tests"><testsuite name="pytest" errors="0" failures="0" skipped="0" tests="3" time="0.784" timestamp="2026-09-25T07:55:40.514448+00:00" hostname="agent-env-d9b675b9-6cf0-4b1c-9819-ae9f35b511c9"><testcase classname="tests.test_digital_products" name="test_subscription_categories_crud" time="0.462" /><testcase classname="tests.test_digital_products" name="test_subscription_products_and_plans" time="0.011" /><testcase classname="tests.test_digital_products" name="test_gift_card_brands_and_cards" time="0.015" /></testsuite></testsuites>