<?xml version="1.0" encoding="utf-8"?><testsuites name="pytest tests"><testsuite name="pytest" errors="0" failures="0" skipped="0" tests="7" time="2.510" timestamp="2026-09-25T06:34:58.971026+00:00" hostname="agent-env-d9b675b9-6cf0-4b1c-9819-ae9f35b511c9"><testcase classname="tests.test_bonus_protection" name="test_public_bonus_status" time="0.005" /><testcase classname="tests.test_bonus_protection" name="test_admin_settings_get_and_update" time="0.495" /><testcase classname="tests.test_bonus_protection" name="test_email_verification_required_before_bonus" time="0.245" /><testcase classname="tests.test_bonus_protection" name="test_one_device_can_receive_bonus_only_once" time="0.475" /><testcase classname="tests.test_bonus_protection" name="test_detect_duplicate_accounts_via_phone" time="0.481" /><testcase classname="tests.test_bonus_protection" name="test_detect_duplicate_disposable_email" time="0.237" /><testcase classname="tests.test_bonus_protection" name="test_admin_bonus_controls_and_triage" time="0.050" /></testsuite></testsuites>