<?xml version="1.0" encoding="utf-8"?><testsuites name="pytest tests"><testsuite name="pytest" errors="0" failures="0" skipped="0" tests="3" time="1.337" timestamp="2026-09-25T07:03:09.153708+00:00" hostname="agent-env-d9b675b9-6cf0-4b1c-9819-ae9f35b511c9"><testcase classname="tests.test_seller_product_mgmt" name="test_seller_applications_and_approval_flow" time="0.469" /><testcase classname="tests.test_seller_product_mgmt" name="test_admin_seller_management_and_sales_summary" time="0.261" /><testcase classname="tests.test_seller_product_mgmt" name="test_admin_product_management_crud_and_stock" time="0.247" /></testsuite></testsuites>