<?xml version="1.0" encoding="utf-8"?><testsuites name="pytest tests"><testsuite name="pytest" errors="0" failures="0" skipped="1" tests="21" time="8.271" timestamp="2026-09-22T21:27:33.606409+00:00" hostname="agent-env-7dd40808-0b78-497a-ac03-7f53d7bc08c1"><testcase classname="tests.test_wallet_payments" name="test_authz_unauthenticated[GET-/admin/payments/gateways]" time="0.324" /><testcase classname="tests.test_wallet_payments" name="test_authz_unauthenticated[GET-/admin/payments/transactions]" time="0.161" /><testcase classname="tests.test_wallet_payments" name="test_authz_unauthenticated[POST-/admin/wallet/adjust]" time="0.145" /><testcase classname="tests.test_wallet_payments" name="test_authz_unauthenticated[GET-/admin/wallet/report]" time="0.713" /><testcase classname="tests.test_wallet_payments" name="test_authz_buyer_forbidden[GET-/admin/payments/gateways]" time="0.548" /><testcase classname="tests.test_wallet_payments" name="test_authz_buyer_forbidden[GET-/admin/payments/transactions]" time="0.157" /><testcase classname="tests.test_wallet_payments" name="test_authz_buyer_forbidden[POST-/admin/wallet/adjust]" time="0.601" /><testcase classname="tests.test_wallet_payments" name="test_authz_buyer_forbidden[GET-/admin/wallet/report]" time="0.177" /><testcase classname="tests.test_wallet_payments" name="test_authz_seller_forbidden[GET-/admin/payments/gateways]" time="0.513" /><testcase classname="tests.test_wallet_payments" name="test_authz_seller_forbidden[GET-/admin/payments/transactions]" time="0.196" /><testcase classname="tests.test_wallet_payments" name="test_authz_seller_forbidden[POST-/admin/wallet/adjust]" time="0.199" /><testcase classname="tests.test_wallet_payments" name="test_authz_seller_forbidden[GET-/admin/wallet/report]" time="0.127" /><testcase classname="tests.test_wallet_payments" name="test_gateway_crud" time="1.256" /><testcase classname="tests.test_wallet_payments" name="test_gateway_nowpayments_create_and_delete" time="0.352" /><testcase classname="tests.test_wallet_payments" name="test_payments_transactions_shape" time="0.180" /><testcase classname="tests.test_wallet_payments" name="test_payments_transactions_filter" time="0.156" /><testcase classname="tests.test_wallet_payments" name="test_refund_marking_idempotent" time="0.142"><skipped type="pytest.skip" message="no completed transaction available to test refund">/app/backend/tests/test_wallet_payments.py:159: no completed transaction available to test refund</skipped></testcase><testcase classname="tests.test_wallet_payments" name="test_refund_not_found" time="0.143" /><testcase classname="tests.test_wallet_payments" name="test_wallet_adjust_validation" time="0.768" /><testcase classname="tests.test_wallet_payments" name="test_wallet_credit_debit_bonus_flow" time="0.886" /><testcase classname="tests.test_wallet_payments" name="test_wallet_report" time="0.164" /></testsuite></testsuites>